<?xml version="1.0" encoding="UTF-8"?>
<testsuite xmlns:xsi="http://www.w3.org/2001/XMLSchema-instance" xsi:noNamespaceSchemaLocation="https://maven.apache.org/surefire/maven-surefire-plugin/xsd/surefire-test-report-3.0.xsd" version="3.0" name="TestSuite" time="33.199" tests="6" errors="0" skipped="0" failures="1">
  <properties>
[...]
</properties>
  <testcase name="basePageNavigation" classname="CompleteIntegration.HomePage" time="8.3"/>
  <testcase name="basePageNavigation" classname="CompleteIntegration.HomePage" time="5.344"/>
  <testcase name="basePageNavigation" classname="CompleteIntegration.HomePage" time="4.665"/>
  <testcase name="testApp" classname="CompleteIntegration.AppTest" time="0.002"/>
  <testcase name="PageTitle" classname="CompleteIntegration.ValidateTitle" time="0.037">
    <failure message="expected [FEATURED COURSES777] but found [FEATURED COURSES]" type="java.lang.AssertionError"><![CDATA[java.lang.AssertionError: expected [FEATURED COURSES777] but found [FEATURED COURSES]
	at CompleteIntegration.ValidateTitle.PageTitle(ValidateTitle.java:34)
]]></failure>
    <system-out><![CDATA[chrome
/Users/user1/Desktop/Neetha-work/Courses/Java/E2EProject
]]></system-out>
    <system-err><![CDATA[Starting ChromeDriver 80.0.3987.106 (f68069574609230cf9b635cd784cfb1bf81bb53a-refs/branch-heads/3987@{#882}) on port 4759
Only local connections are allowed.
Please protect ports used by ChromeDriver and related test frameworks to prevent access by malicious code.
[1588187090.631][WARNING]: This version of ChromeDriver has not been tested with Chrome version 81.
Apr 29, 2020 12:04:50 PM org.openqa.selenium.remote.ProtocolHandshake createSession
INFO: Detected dialect: W3C
[1588187091.747][SEVERE]: Timed out receiving message from renderer: 0.100
[1588187091.849][SEVERE]: Timed out receiving message from renderer: 0.100
[1588187092.055][SEVERE]: Timed out receiving message from renderer: 0.100
[1588187092.157][SEVERE]: Timed out receiving message from renderer: 0.100
[1588187092.259][SEVERE]: Timed out receiving message from renderer: 0.100
[1588187092.361][SEVERE]: Timed out receiving message from renderer: 0.100
[1588187092.464][SEVERE]: Timed out receiving message from renderer: 0.100
[1588187092.566][SEVERE]: Timed out receiving message from renderer: 0.100
[1588187093.167][SEVERE]: Timed out receiving message from renderer: 0.100
[1588187093.269][SEVERE]: Timed out receiving message from renderer: 0.100
]]></system-err>
  </testcase>
  <testcase name="PageNavigation" classname="CompleteIntegration.ValidateNavigationBar" time="0.058"/>
</testsuite>