-------------------------------------------------------------------------------
Test set: TestSuite
-------------------------------------------------------------------------------
Tests run: 6, Failures: 1, Errors: 0, Skipped: 0, Time elapsed: 33.199 s <<< FAILURE! - in TestSuite
CompleteIntegration.ValidateTitle.PageTitle  Time elapsed: 0.037 s  <<< FAILURE!
java.lang.AssertionError: expected [FEATURED COURSES777] but found [FEATURED COURSES]
	at CompleteIntegration.ValidateTitle.PageTitle(ValidateTitle.java:34)

