<?xml version="1.0" encoding="UTF-8"?>
<!-- Generated by org.testng.reporters.JUnitXMLReporter -->
<testsuite hostname="Neethas-MacBook-Pro.local" name="Test2" tests="3" failures="0" timestamp="29 Apr 2020 18:41:01 GMT" time="0.035" errors="0">
  <testcase name="@BeforeTest initialize" time="0.0" classname="CompleteIntegration.HomePage">
    <failure type="java.lang.NullPointerException">
      <![CDATA[java.lang.NullPointerException
	at Resources.base.initializeDriver(base.java:40)
	at CompleteIntegration.HomePage.initialize(HomePage.java:23)
... Removed 22 stack frames]]>
    </failure>
  </testcase> <!-- @BeforeTest initialize -->
  <testcase name="@AfterTest closewindow" time="0.0" classname="CompleteIntegration.HomePage">
    <skipped/>
  </testcase> <!-- @AfterTest closewindow -->
  <testcase name="basePageNavigation" time="0.002" classname="CompleteIntegration.HomePage">
    <skipped/>
  </testcase> <!-- basePageNavigation -->
  <testcase name="basePageNavigation" time="0.002" classname="CompleteIntegration.HomePage">
    <skipped/>
  </testcase> <!-- basePageNavigation -->
  <testcase name="basePageNavigation" time="0.001" classname="CompleteIntegration.HomePage">
    <skipped/>
  </testcase> <!-- basePageNavigation -->
</testsuite> <!-- Test2 -->
