<?xml version="1.0" encoding="UTF-8"?>
<!-- Generated by org.testng.reporters.JUnitXMLReporter -->
<testsuite hostname="Neethas-MacBook-Pro.local" name="Test" tests="6" failures="0" timestamp="23 Apr 2020 00:22:38 GMT" time="41.033" errors="0">
  <testcase name="testApp" time="0.008" classname="CompleteIntegration.AppTest"/>
  <testcase name="basePageNavigation" time="18.898" classname="CompleteIntegration.HomePage"/>
  <testcase name="basePageNavigation" time="4.372" classname="CompleteIntegration.HomePage"/>
  <testcase name="basePageNavigation" time="5.153" classname="CompleteIntegration.HomePage"/>
  <testcase name="PageTitle" time="0.039" classname="CompleteIntegration.ValidateTitle"/>
  <testcase name="PageNavigation" time="0.067" classname="CompleteIntegration.ValidateNavigationBar"/>
</testsuite> <!-- Test -->
