<?xml version="1.0" encoding="UTF-8"?>
<!-- Generated by org.testng.reporters.JUnitXMLReporter -->
<testsuite hostname="Neethas-MacBook-Pro.local" name="Test4" tests="1" failures="0" timestamp="29 Apr 2020 18:41:01 GMT" time="0.006" errors="0">
  <testcase name="@BeforeTest initialize" time="0.0" classname="CompleteIntegration.ValidateNavigationBar">
    <failure type="java.lang.NullPointerException">
      <![CDATA[java.lang.NullPointerException
	at Resources.base.initializeDriver(base.java:40)
	at CompleteIntegration.ValidateNavigationBar.initialize(ValidateNavigationBar.java:20)
... Removed 22 stack frames]]>
    </failure>
  </testcase> <!-- @BeforeTest initialize -->
  <testcase name="@AfterTest closewindow" time="0.0" classname="CompleteIntegration.ValidateNavigationBar">
    <skipped/>
  </testcase> <!-- @AfterTest closewindow -->
  <testcase name="PageNavigation" time="0.001" classname="CompleteIntegration.ValidateNavigationBar">
    <skipped/>
  </testcase> <!-- PageNavigation -->
</testsuite> <!-- Test4 -->
