<?xml version="1.0" encoding="UTF-8"?>
<!-- Generated by org.testng.reporters.JUnitXMLReporter -->
<testsuite hostname="Neethas-MacBook-Pro.local" name="Test3" tests="1" failures="0" timestamp="29 Apr 2020 18:41:01 GMT" time="0.005" errors="0">
  <testcase name="@BeforeTest initialize" time="0.0" classname="CompleteIntegration.ValidateTitle">
    <failure type="java.lang.NullPointerException">
      <![CDATA[java.lang.NullPointerException
	at Resources.base.initializeDriver(base.java:40)
	at CompleteIntegration.ValidateTitle.initialize(ValidateTitle.java:19)
... Removed 22 stack frames]]>
    </failure>
  </testcase> <!-- @BeforeTest initialize -->
  <testcase name="@AfterTest closewindow" time="0.0" classname="CompleteIntegration.ValidateTitle">
    <skipped/>
  </testcase> <!-- @AfterTest closewindow -->
  <testcase name="PageTitle" time="0.0" classname="CompleteIntegration.ValidateTitle">
    <skipped/>
  </testcase> <!-- PageTitle -->
</testsuite> <!-- Test3 -->
