<?xml version="1.0" encoding="UTF-8"?>
<testng-results skipped="5" failed="0" total="6" passed="1">
  <reporter-output>
  </reporter-output>
  <suite name="Suite" duration-ms="74" started-at="2020-04-29T18:41:01Z" finished-at="2020-04-29T18:41:01Z">
    <groups>
    </groups>
    <test name="Test2" duration-ms="35" started-at="2020-04-29T18:41:01Z" finished-at="2020-04-29T18:41:01Z">
      <class name="CompleteIntegration.HomePage">
        <test-method status="FAIL" signature="initialize()[pri:0, instance:CompleteIntegration.HomePage@ba2f4ec]" name="initialize" is-config="true" duration-ms="0" started-at="2020-04-29T11:41:01Z" finished-at="2020-04-29T11:41:01Z">
          <exception class="java.lang.NullPointerException">
            <full-stacktrace>
              <![CDATA[java.lang.NullPointerException
	at Resources.base.initializeDriver(base.java:40)
	at CompleteIntegration.HomePage.initialize(HomePage.java:23)
	at sun.reflect.NativeMethodAccessorImpl.invoke0(Native Method)
	at sun.reflect.NativeMethodAccessorImpl.invoke(NativeMethodAccessorImpl.java:62)
	at sun.reflect.DelegatingMethodAccessorImpl.invoke(DelegatingMethodAccessorImpl.java:43)
	at java.lang.reflect.Method.invoke(Method.java:497)
	at org.testng.internal.MethodInvocationHelper.invokeMethod(MethodInvocationHelper.java:80)
	at org.testng.internal.Invoker.invokeConfigurationMethod(Invoker.java:564)
	at org.testng.internal.Invoker.invokeConfigurations(Invoker.java:213)
	at org.testng.internal.Invoker.invokeConfigurations(Invoker.java:138)
	at org.testng.TestRunner.beforeRun(TestRunner.java:641)
	at org.testng.TestRunner.run(TestRunner.java:609)
	at org.testng.SuiteRunner.runTest(SuiteRunner.java:334)
	at org.testng.SuiteRunner.runSequentially(SuiteRunner.java:329)
	at org.testng.SuiteRunner.privateRun(SuiteRunner.java:291)
	at org.testng.SuiteRunner.run(SuiteRunner.java:240)
	at org.testng.SuiteRunnerWorker.runSuite(SuiteRunnerWorker.java:52)
	at org.testng.SuiteRunnerWorker.run(SuiteRunnerWorker.java:86)
	at org.testng.TestNG.runSuitesSequentially(TestNG.java:1198)
	at org.testng.TestNG.runSuitesLocally(TestNG.java:1123)
	at org.testng.TestNG.run(TestNG.java:1031)
	at org.testng.remote.AbstractRemoteTestNG.run(AbstractRemoteTestNG.java:114)
	at org.testng.remote.RemoteTestNG.initAndRun(RemoteTestNG.java:251)
	at org.testng.remote.RemoteTestNG.main(RemoteTestNG.java:77)
]]>
            </full-stacktrace>
          </exception> <!-- java.lang.NullPointerException -->
          <reporter-output>
          </reporter-output>
        </test-method> <!-- initialize -->
        <test-method status="SKIP" signature="basePageNavigation(java.lang.String, java.lang.String, java.lang.String)[pri:0, instance:CompleteIntegration.HomePage@ba2f4ec]" name="basePageNavigation" duration-ms="2" started-at="2020-04-29T11:41:01Z" data-provider="getData" finished-at="2020-04-29T11:41:01Z">
          <params>
            <param index="0">
              <value>
                <![CDATA[test@test.com]]>
              </value>
            </param>
            <param index="1">
              <value>
                <![CDATA[test123]]>
              </value>
            </param>
            <param index="2">
              <value>
                <![CDATA[non-restricted user]]>
              </value>
            </param>
          </params>
          <reporter-output>
          </reporter-output>
        </test-method> <!-- basePageNavigation -->
        <test-method status="SKIP" signature="basePageNavigation(java.lang.String, java.lang.String, java.lang.String)[pri:0, instance:CompleteIntegration.HomePage@ba2f4ec]" name="basePageNavigation" duration-ms="2" started-at="2020-04-29T11:41:01Z" data-provider="getData" finished-at="2020-04-29T11:41:01Z">
          <params>
            <param index="0">
              <value>
                <![CDATA[testrestrict@test.com]]>
              </value>
            </param>
            <param index="1">
              <value>
                <![CDATA[test123]]>
              </value>
            </param>
            <param index="2">
              <value>
                <![CDATA[restricted user]]>
              </value>
            </param>
          </params>
          <reporter-output>
          </reporter-output>
        </test-method> <!-- basePageNavigation -->
        <test-method status="SKIP" signature="basePageNavigation(java.lang.String, java.lang.String, java.lang.String)[pri:0, instance:CompleteIntegration.HomePage@ba2f4ec]" name="basePageNavigation" duration-ms="1" started-at="2020-04-29T11:41:01Z" data-provider="getData" finished-at="2020-04-29T11:41:01Z">
          <params>
            <param index="0">
              <value>
                <![CDATA[testrestrictnew@test.com]]>
              </value>
            </param>
            <param index="1">
              <value>
                <![CDATA[test123]]>
              </value>
            </param>
            <param index="2">
              <value>
                <![CDATA[restricted1 user]]>
              </value>
            </param>
          </params>
          <reporter-output>
          </reporter-output>
        </test-method> <!-- basePageNavigation -->
        <test-method status="SKIP" signature="closewindow()[pri:0, instance:CompleteIntegration.HomePage@ba2f4ec]" name="closewindow" is-config="true" duration-ms="0" started-at="2020-04-29T11:41:01Z" finished-at="2020-04-29T11:41:01Z">
          <reporter-output>
          </reporter-output>
        </test-method> <!-- closewindow -->
      </class> <!-- CompleteIntegration.HomePage -->
    </test> <!-- Test2 -->
    <test name="Test1" duration-ms="6" started-at="2020-04-29T18:41:01Z" finished-at="2020-04-29T18:41:01Z">
      <class name="CompleteIntegration.AppTest">
        <test-method status="PASS" signature="testApp()[pri:0, instance:CompleteIntegration.AppTest@2df3b89c]" name="testApp" duration-ms="4" started-at="2020-04-29T11:41:01Z" finished-at="2020-04-29T11:41:01Z">
          <reporter-output>
          </reporter-output>
        </test-method> <!-- testApp -->
      </class> <!-- CompleteIntegration.AppTest -->
    </test> <!-- Test1 -->
    <test name="Test3" duration-ms="5" started-at="2020-04-29T18:41:01Z" finished-at="2020-04-29T18:41:01Z">
      <class name="CompleteIntegration.ValidateTitle">
        <test-method status="FAIL" signature="initialize()[pri:0, instance:CompleteIntegration.ValidateTitle@6f4a47c7]" name="initialize" is-config="true" duration-ms="0" started-at="2020-04-29T11:41:01Z" finished-at="2020-04-29T11:41:01Z">
          <exception class="java.lang.NullPointerException">
            <full-stacktrace>
              <![CDATA[java.lang.NullPointerException
	at Resources.base.initializeDriver(base.java:40)
	at CompleteIntegration.ValidateTitle.initialize(ValidateTitle.java:19)
	at sun.reflect.NativeMethodAccessorImpl.invoke0(Native Method)
	at sun.reflect.NativeMethodAccessorImpl.invoke(NativeMethodAccessorImpl.java:62)
	at sun.reflect.DelegatingMethodAccessorImpl.invoke(DelegatingMethodAccessorImpl.java:43)
	at java.lang.reflect.Method.invoke(Method.java:497)
	at org.testng.internal.MethodInvocationHelper.invokeMethod(MethodInvocationHelper.java:80)
	at org.testng.internal.Invoker.invokeConfigurationMethod(Invoker.java:564)
	at org.testng.internal.Invoker.invokeConfigurations(Invoker.java:213)
	at org.testng.internal.Invoker.invokeConfigurations(Invoker.java:138)
	at org.testng.TestRunner.beforeRun(TestRunner.java:641)
	at org.testng.TestRunner.run(TestRunner.java:609)
	at org.testng.SuiteRunner.runTest(SuiteRunner.java:334)
	at org.testng.SuiteRunner.runSequentially(SuiteRunner.java:329)
	at org.testng.SuiteRunner.privateRun(SuiteRunner.java:291)
	at org.testng.SuiteRunner.run(SuiteRunner.java:240)
	at org.testng.SuiteRunnerWorker.runSuite(SuiteRunnerWorker.java:52)
	at org.testng.SuiteRunnerWorker.run(SuiteRunnerWorker.java:86)
	at org.testng.TestNG.runSuitesSequentially(TestNG.java:1198)
	at org.testng.TestNG.runSuitesLocally(TestNG.java:1123)
	at org.testng.TestNG.run(TestNG.java:1031)
	at org.testng.remote.AbstractRemoteTestNG.run(AbstractRemoteTestNG.java:114)
	at org.testng.remote.RemoteTestNG.initAndRun(RemoteTestNG.java:251)
	at org.testng.remote.RemoteTestNG.main(RemoteTestNG.java:77)
]]>
            </full-stacktrace>
          </exception> <!-- java.lang.NullPointerException -->
          <reporter-output>
          </reporter-output>
        </test-method> <!-- initialize -->
        <test-method status="SKIP" signature="PageTitle()[pri:0, instance:CompleteIntegration.ValidateTitle@6f4a47c7]" name="PageTitle" duration-ms="0" started-at="2020-04-29T11:41:01Z" finished-at="2020-04-29T11:41:01Z">
          <reporter-output>
          </reporter-output>
        </test-method> <!-- PageTitle -->
        <test-method status="SKIP" signature="closewindow()[pri:0, instance:CompleteIntegration.ValidateTitle@6f4a47c7]" name="closewindow" is-config="true" duration-ms="0" started-at="2020-04-29T11:41:01Z" finished-at="2020-04-29T11:41:01Z">
          <reporter-output>
          </reporter-output>
        </test-method> <!-- closewindow -->
      </class> <!-- CompleteIntegration.ValidateTitle -->
    </test> <!-- Test3 -->
    <test name="Test4" duration-ms="6" started-at="2020-04-29T18:41:01Z" finished-at="2020-04-29T18:41:01Z">
      <class name="CompleteIntegration.ValidateNavigationBar">
        <test-method status="FAIL" signature="initialize()[pri:0, instance:CompleteIntegration.ValidateNavigationBar@2de23121]" name="initialize" is-config="true" duration-ms="0" started-at="2020-04-29T11:41:01Z" finished-at="2020-04-29T11:41:01Z">
          <exception class="java.lang.NullPointerException">
            <full-stacktrace>
              <![CDATA[java.lang.NullPointerException
	at Resources.base.initializeDriver(base.java:40)
	at CompleteIntegration.ValidateNavigationBar.initialize(ValidateNavigationBar.java:20)
	at sun.reflect.NativeMethodAccessorImpl.invoke0(Native Method)
	at sun.reflect.NativeMethodAccessorImpl.invoke(NativeMethodAccessorImpl.java:62)
	at sun.reflect.DelegatingMethodAccessorImpl.invoke(DelegatingMethodAccessorImpl.java:43)
	at java.lang.reflect.Method.invoke(Method.java:497)
	at org.testng.internal.MethodInvocationHelper.invokeMethod(MethodInvocationHelper.java:80)
	at org.testng.internal.Invoker.invokeConfigurationMethod(Invoker.java:564)
	at org.testng.internal.Invoker.invokeConfigurations(Invoker.java:213)
	at org.testng.internal.Invoker.invokeConfigurations(Invoker.java:138)
	at org.testng.TestRunner.beforeRun(TestRunner.java:641)
	at org.testng.TestRunner.run(TestRunner.java:609)
	at org.testng.SuiteRunner.runTest(SuiteRunner.java:334)
	at org.testng.SuiteRunner.runSequentially(SuiteRunner.java:329)
	at org.testng.SuiteRunner.privateRun(SuiteRunner.java:291)
	at org.testng.SuiteRunner.run(SuiteRunner.java:240)
	at org.testng.SuiteRunnerWorker.runSuite(SuiteRunnerWorker.java:52)
	at org.testng.SuiteRunnerWorker.run(SuiteRunnerWorker.java:86)
	at org.testng.TestNG.runSuitesSequentially(TestNG.java:1198)
	at org.testng.TestNG.runSuitesLocally(TestNG.java:1123)
	at org.testng.TestNG.run(TestNG.java:1031)
	at org.testng.remote.AbstractRemoteTestNG.run(AbstractRemoteTestNG.java:114)
	at org.testng.remote.RemoteTestNG.initAndRun(RemoteTestNG.java:251)
	at org.testng.remote.RemoteTestNG.main(RemoteTestNG.java:77)
]]>
            </full-stacktrace>
          </exception> <!-- java.lang.NullPointerException -->
          <reporter-output>
          </reporter-output>
        </test-method> <!-- initialize -->
        <test-method status="SKIP" signature="PageNavigation()[pri:0, instance:CompleteIntegration.ValidateNavigationBar@2de23121]" name="PageNavigation" duration-ms="1" started-at="2020-04-29T11:41:01Z" finished-at="2020-04-29T11:41:01Z">
          <reporter-output>
          </reporter-output>
        </test-method> <!-- PageNavigation -->
        <test-method status="SKIP" signature="closewindow()[pri:0, instance:CompleteIntegration.ValidateNavigationBar@2de23121]" name="closewindow" is-config="true" duration-ms="0" started-at="2020-04-29T11:41:01Z" finished-at="2020-04-29T11:41:01Z">
          <reporter-output>
          </reporter-output>
        </test-method> <!-- closewindow -->
      </class> <!-- CompleteIntegration.ValidateNavigationBar -->
    </test> <!-- Test4 -->
  </suite> <!-- Suite -->
</testng-results>
