<?xml version="1.0" encoding="UTF-8"?>
<!-- Generated by org.testng.reporters.JUnitXMLReporter -->
<testsuite hostname="Neethas-MacBook-Pro.local" name="Test3" tests="1" failures="1" timestamp="29 Apr 2020 19:04:54 GMT" time="5.665" errors="0">
  <testcase name="PageTitle" time="0.032" classname="CompleteIntegration.ValidateTitle">
    <failure type="java.lang.AssertionError" message="expected [FEATURED COURSES777] but found [FEATURED COURSES]">
      <![CDATA[java.lang.AssertionError: expected [FEATURED COURSES777] but found [FEATURED COURSES]
	at CompleteIntegration.ValidateTitle.PageTitle(ValidateTitle.java:34)
	at org.apache.maven.surefire.testng.TestNGExecutor.run(TestNGExecutor.java:283)
	at org.apache.maven.surefire.testng.TestNGXmlTestSuite.execute(TestNGXmlTestSuite.java:75)
	at org.apache.maven.surefire.testng.TestNGProvider.invoke(TestNGProvider.java:120)
	at org.apache.maven.surefire.booter.ForkedBooter.runSuitesInProcess(ForkedBooter.java:377)
	at org.apache.maven.surefire.booter.ForkedBooter.execute(ForkedBooter.java:138)
	at org.apache.maven.surefire.booter.ForkedBooter.run(ForkedBooter.java:465)
	at org.apache.maven.surefire.booter.ForkedBooter.main(ForkedBooter.java:451)
... Removed 26 stack frames]]>
    </failure>
  </testcase> <!-- PageTitle -->
</testsuite> <!-- Test3 -->
